<?xml version="1.0" encoding="UTF-8"?>
<testsuite xmlns:xsi="http://www.w3.org/2001/XMLSchema-instance" xsi:noNamespaceSchemaLocation="https://maven.apache.org/surefire/maven-surefire-plugin/xsd/surefire-test-report-3.0.xsd" version="3.0" name="TestSuite" time="16.952" tests="5" errors="0" skipped="0" failures="0">
  <properties>
[...]
</properties>
  <testcase name="runScenario[&quot;User should only be able to login with valid credentials&quot;, &quot;Login to the Omayo Application&quot;](1)" classname="runner.TestRunner" time="6.402">
    <system-out><![CDATA[
@Smoke @All @login
Scenario Outline: User should only be able to login with valid credentials &amp#27;[90m# src/test/java/features/Omayologin.feature:12&amp#27;[0m
  &amp#27;[32mGiven &amp#27;[0m&amp#27;[32mI navigate to application URL&amp#27;[0m                                      &amp#27;[90m# stepdefinitions.Omayologin.i_navigate_to_application_url()&amp#27;[0m
  &amp#27;[32mWhen &amp#27;[0m&amp#27;[32mI enter Username as "&amp#27;[0m&amp#27;[32m&amp#27;[1marun&amp#27;[0m&amp#27;[32m" and Password as "&amp#27;[0m&amp#27;[32m&amp#27;[1m1234&amp#27;[0m&amp#27;[32m" into the fields&amp#27;[0m   &amp#27;[90m# stepdefinitions.Omayologin.i_enter_username_as_someusername_and_password_as_somepassword_into_the_fields(java.lang.String,java.lang.String)&amp#27;[0m
  &amp#27;[32mAnd &amp#27;[0m&amp#27;[32mI click on Login button&amp#27;[0m                                              &amp#27;[90m# stepdefinitions.Omayologin.i_click_on_login_button()&amp#27;[0m
  &amp#27;[32mThen &amp#27;[0m&amp#27;[32mUser should be able to login based on "&amp#27;[0m&amp#27;[32m&amp#27;[1mfailure&amp#27;[0m&amp#27;[32m" login status&amp#27;[0m        &amp#27;[90m# stepdefinitions.Omayologin.user_should_be_able_to_login_based_on_expected_login_status(java.lang.String)&amp#27;[0m
]]></system-out>
    <system-err><![CDATA[SLF4J: No SLF4J providers were found.
SLF4J: Defaulting to no-operation (NOP) logger implementation
SLF4J: See https://www.slf4j.org/codes.html#noProviders for further details.
Jun 19, 2023 5:04:37 PM org.openqa.selenium.remote.service.DriverService$Builder getLogOutput
INFO: Driver logs no longer sent to console by default; https://www.selenium.dev/documentation/webdriver/drivers/service/#setting-log-output
]]></system-err>
  </testcase>
  <testcase name="runScenario[&quot;User should only be able to login with valid credentials&quot;, &quot;Login to the Omayo Application&quot;](2)" classname="runner.TestRunner" time="4.116">
    <system-out><![CDATA[
@Smoke @All @login
Scenario Outline: User should only be able to login with valid credentials             &amp#27;[90m# src/test/java/features/Omayologin.feature:13&amp#27;[0m
  &amp#27;[32mGiven &amp#27;[0m&amp#27;[32mI navigate to application URL&amp#27;[0m                                                  &amp#27;[90m# stepdefinitions.Omayologin.i_navigate_to_application_url()&amp#27;[0m
  &amp#27;[32mWhen &amp#27;[0m&amp#27;[32mI enter Username as "&amp#27;[0m&amp#27;[32m&amp#27;[1mSeleniumByArun&amp#27;[0m&amp#27;[32m" and Password as "&amp#27;[0m&amp#27;[32m&amp#27;[1mTest143$&amp#27;[0m&amp#27;[32m" into the fields&amp#27;[0m &amp#27;[90m# stepdefinitions.Omayologin.i_enter_username_as_someusername_and_password_as_somepassword_into_the_fields(java.lang.String,java.lang.String)&amp#27;[0m
  &amp#27;[32mAnd &amp#27;[0m&amp#27;[32mI click on Login button&amp#27;[0m                                                          &amp#27;[90m# stepdefinitions.Omayologin.i_click_on_login_button()&amp#27;[0m
  &amp#27;[32mThen &amp#27;[0m&amp#27;[32mUser should be able to login based on "&amp#27;[0m&amp#27;[32m&amp#27;[1msuccess&amp#27;[0m&amp#27;[32m" login status&amp#27;[0m                    &amp#27;[90m# stepdefinitions.Omayologin.user_should_be_able_to_login_based_on_expected_login_status(java.lang.String)&amp#27;[0m
]]></system-out>
    <system-err><![CDATA[Jun 19, 2023 5:04:43 PM org.openqa.selenium.remote.service.DriverService$Builder getLogOutput
INFO: Driver logs no longer sent to console by default; https://www.selenium.dev/documentation/webdriver/drivers/service/#setting-log-output
]]></system-err>
  </testcase>
  <testcase name="runScenario[&quot;User should only be able to login with valid credentials&quot;, &quot;Login to the Omayo Application&quot;](3)" classname="runner.TestRunner" time="4.938">
    <system-out><![CDATA[
@Smoke @All @login
Scenario Outline: User should only be able to login with valid credentials &amp#27;[90m# src/test/java/features/Omayologin.feature:14&amp#27;[0m
  &amp#27;[32mGiven &amp#27;[0m&amp#27;[32mI navigate to application URL&amp#27;[0m                                      &amp#27;[90m# stepdefinitions.Omayologin.i_navigate_to_application_url()&amp#27;[0m
  &amp#27;[32mWhen &amp#27;[0m&amp#27;[32mI enter Username as "&amp#27;[0m&amp#27;[32m&amp#27;[1mtest&amp#27;[0m&amp#27;[32m" and Password as "&amp#27;[0m&amp#27;[32m&amp#27;[1m4321&amp#27;[0m&amp#27;[32m" into the fields&amp#27;[0m   &amp#27;[90m# stepdefinitions.Omayologin.i_enter_username_as_someusername_and_password_as_somepassword_into_the_fields(java.lang.String,java.lang.String)&amp#27;[0m
  &amp#27;[32mAnd &amp#27;[0m&amp#27;[32mI click on Login button&amp#27;[0m                                              &amp#27;[90m# stepdefinitions.Omayologin.i_click_on_login_button()&amp#27;[0m
  &amp#27;[32mThen &amp#27;[0m&amp#27;[32mUser should be able to login based on "&amp#27;[0m&amp#27;[32m&amp#27;[1mfailure&amp#27;[0m&amp#27;[32m" login status&amp#27;[0m        &amp#27;[90m# stepdefinitions.Omayologin.user_should_be_able_to_login_based_on_expected_login_status(java.lang.String)&amp#27;[0m
]]></system-out>
    <system-err><![CDATA[Jun 19, 2023 5:04:47 PM org.openqa.selenium.remote.service.DriverService$Builder getLogOutput
INFO: Driver logs no longer sent to console by default; https://www.selenium.dev/documentation/webdriver/drivers/service/#setting-log-output
]]></system-err>
  </testcase>
  <testcase name="runScenario[&quot;User should be able to search for the products under books category&quot;, &quot;Search of various product categories should be possible along with product search&quot;](4)" classname="runner.TestRunner" time="0.014">
    <system-out><![CDATA[
@Regression @All @Books
Scenario: User should be able to search for the products under books category &amp#27;[90m# src/test/java/features/Search.feature:4&amp#27;[0m
>>- Given - I visit the website as a guest user
  &amp#27;[32mGiven &amp#27;[0m&amp#27;[32mI visit the website as a guest user&amp#27;[0m                                   &amp#27;[90m# stepdefinitions.Search.i_visit_the_website_as_a_guest_user()&amp#27;[0m
>>- When - I select the books option from the search dropdown
  &amp#27;[32mWhen &amp#27;[0m&amp#27;[32mI select the books option from the search dropdown&amp#27;[0m                     &amp#27;[90m# stepdefinitions.Search.i_select_the_books_option_from_the_search_dropdown()&amp#27;[0m
>>- And - I click on search icon option
  &amp#27;[32mAnd &amp#27;[0m&amp#27;[32mI click on search icon option&amp#27;[0m                                           &amp#27;[90m# stepdefinitions.Search.i_click_on_search_icon_option()&amp#27;[0m
>>- Then - I should see the page having heading as Amazon Best Reads
  &amp#27;[32mThen &amp#27;[0m&amp#27;[32mI should see the page having heading as Amazon Best Reads&amp#27;[0m              &amp#27;[90m# stepdefinitions.Search.i_should_see_the_page_having_heading_as_Amazon_Best_Reads()&amp#27;[0m
>>- But - I should not see the other category products
  &amp#27;[32mBut &amp#27;[0m&amp#27;[32mI should not see the other category products&amp#27;[0m                            &amp#27;[90m# stepdefinitions.Search.i_should_not_see_the_other_category_products()&amp#27;[0m
]]></system-out>
  </testcase>
  <testcase name="runScenario[&quot;User should be able to search for the products under baby category&quot;, &quot;Search of various product categories should be possible along with product search&quot;](5)" classname="runner.TestRunner" time="0.004">
    <system-out><![CDATA[
@Smoke @All @Baby
Scenario: User should be able to search for the products under baby category &amp#27;[90m# src/test/java/features/Search.feature:12&amp#27;[0m
>>- Given - I visit the website as a guest user
  &amp#27;[32mGiven &amp#27;[0m&amp#27;[32mI visit the website as a guest user&amp#27;[0m                                  &amp#27;[90m# stepdefinitions.Search.i_visit_the_website_as_a_guest_user()&amp#27;[0m
>>- When - I select the baby option from the search button
  &amp#27;[32mWhen &amp#27;[0m&amp#27;[32mI select the baby option from the search button&amp#27;[0m                       &amp#27;[90m# stepdefinitions.Search.i_select_the_baby_option_from_the_search_button()&amp#27;[0m
>>- And - I click on search icon option
  &amp#27;[32mAnd &amp#27;[0m&amp#27;[32mI click on search icon option&amp#27;[0m                                          &amp#27;[90m# stepdefinitions.Search.i_click_on_search_icon_option()&amp#27;[0m
>>- Then - I should see the page having heading as Offers on Baby products
  &amp#27;[32mThen &amp#27;[0m&amp#27;[32mI should see the page having heading as Offers on Baby products&amp#27;[0m       &amp#27;[90m# stepdefinitions.Search.i_should_see_the_page_having_heading_as_Offers_on_Baby_products()&amp#27;[0m
>>- But - I should not see the other category products
  &amp#27;[32mBut &amp#27;[0m&amp#27;[32mI should not see the other category products&amp#27;[0m                           &amp#27;[90m# stepdefinitions.Search.i_should_not_see_the_other_category_products()&amp#27;[0m
]]></system-out>
  </testcase>
</testsuite>