<?xml version="1.0" encoding="UTF-8"?>
<testng-results ignored="0" total="1" passed="1" failed="0" skipped="0">
  <reporter-output>
  </reporter-output>
  <suite started-at="2023-06-19T17:59:42 IST" name="Default suite" finished-at="2023-06-19T17:59:49 IST" duration-ms="7349">
    <groups>
      <group name="cucumber">
        <method signature="AbstractTestNGCucumberTests.runScenario(io.cucumber.testng.PickleWrapper,io.cucumber.testng.FeatureWrapper)[pri:0, instance:runner.TestRunner@385c9627]" name="runScenario" class="io.cucumber.testng.AbstractTestNGCucumberTests"/>
      </group> <!-- cucumber -->
    </groups>
    <test started-at="2023-06-19T17:59:42 IST" name="Default test" finished-at="2023-06-19T17:59:49 IST" duration-ms="7349">
      <class name="runner.TestRunner">
        <test-method is-config="true" signature="setUpClass(org.testng.ITestContext)[pri:0, instance:runner.TestRunner@385c9627]" started-at="2023-06-19T17:59:42 IST" name="setUpClass" finished-at="2023-06-19T17:59:42 IST" duration-ms="359" status="PASS">
          <params>
            <param index="0">
              <value>
                <![CDATA[org.testng.TestRunner@5c887052]]>
              </value>
            </param>
          </params>
          <reporter-output>
          </reporter-output>
        </test-method> <!-- setUpClass -->
        <test-method signature="runScenario(io.cucumber.testng.PickleWrapper,io.cucumber.testng.FeatureWrapper)[pri:0, instance:runner.TestRunner@385c9627]" started-at="2023-06-19T17:59:42 IST" name="runScenario" description="Runs Cucumber Scenarios" data-provider="scenarios" finished-at="2023-06-19T17:59:49 IST" duration-ms="6940" status="PASS">
          <params>
            <param index="0">
              <value>
                <![CDATA["Register for the Application by providing valid deatils"]]>
              </value>
            </param>
            <param index="1">
              <value>
                <![CDATA["Register for an Account in Tutorialsninja Application"]]>
              </value>
            </param>
          </params>
          <reporter-output>
          </reporter-output>
        </test-method> <!-- runScenario -->
        <test-method is-config="true" signature="tearDownClass()[pri:0, instance:runner.TestRunner@385c9627]" started-at="2023-06-19T17:59:49 IST" name="tearDownClass" finished-at="2023-06-19T17:59:49 IST" duration-ms="24" status="PASS">
          <reporter-output>
          </reporter-output>
        </test-method> <!-- tearDownClass -->
      </class> <!-- runner.TestRunner -->
    </test> <!-- Default test -->
  </suite> <!-- Default suite -->
</testng-results>
